Connecting to Snowflake...
Connected.
Fetching cafes in Downtown Toronto...
Found 77 unique cafes. Starting parallel scoring...
[1/77] Scoring Cafe Landwer ...
[2/77] Scoring Dineen Coffee Co. ...
[3/77] Scoring Twilight Cafe & Bar DT (Dundas) ...
[4/77] Scoring Butter & Blue ...
[5/77] Scoring Nabulu Coffee ...
   --> Saved Twilight Cafe & Bar DT (Dundas) to Snowflake.
[6/77] Scoring Black wolf coffee ...
   --> Saved Dineen Coffee Co. to Snowflake.
[7/77] Scoring 10 DEAN | Elm ...
   --> Saved Nabulu Coffee to Snowflake.
[8/77] Scoring Forget Me Not Coffee ...
   --> Saved Cafe Landwer to Snowflake.
   --> Saved Butter & Blue to Snowflake.
[9/77] Scoring 11:59 Bar:Café ...
[10/77] Scoring Lait Night ...
   --> Saved Black wolf coffee to Snowflake.
[11/77] Scoring French Made Toronto ...
   --> Saved 11:59 Bar:Café to Snowflake.
[12/77] Scoring Lazy Barista ...
   --> Saved 10 DEAN | Elm to Snowflake.
   --> Saved Lait Night to Snowflake.
[13/77] Scoring The brick room ...
[14/77] Scoring Cafe Our Hours ...
   --> Saved Forget Me Not Coffee to Snowflake.
[15/77] Scoring NEO COFFEE BAR ...
   --> Saved Lazy Barista to Snowflake.
[16/77] Scoring Reply ...
   --> Saved French Made Toronto to Snowflake.
[17/77] Scoring Bloom Cafe ...
   --> Saved The brick room to Snowflake.
[18/77] Scoring maman ...
   --> Saved NEO COFFEE BAR to Snowflake.
   --> Saved Cafe Our Hours to Snowflake.
[19/77] Scoring FIKA Cafe ...
[20/77] Scoring Daily Dose Coffee Bar ...
   --> Saved Reply to Snowflake.
[21/77] Scoring NEO COFFEE BAR KING X SPADINA ...
   --> Saved Bloom Cafe to Snowflake.
[22/77] Scoring SOLARIS COFFEE ...
   --> Saved FIKA Cafe to Snowflake.
[23/77] Scoring Versus Coffee ...
   --> Saved Daily Dose Coffee Bar to Snowflake.
[24/77] Scoring Coffee At Carltons ...
   --> Saved maman to Snowflake.
[25/77] Scoring Library Coffee ...
   --> Saved NEO COFFEE BAR KING X SPADINA to Snowflake.
[26/77] Scoring Found Coffee | Front ...
   --> Saved Coffee At Carltons to Snowflake.
[27/77] Scoring Rooster Coffee House ...
   --> Saved Library Coffee to Snowflake.
   --> Saved SOLARIS COFFEE to Snowflake.
[28/77] Scoring HotBlack Coffee ...
[29/77] Scoring Mast Coffee ...
   --> Saved Versus Coffee to Snowflake.
[30/77] Scoring Cafe Forêt ...
   --> Saved Found Coffee | Front to Snowflake.
[31/77] Scoring LA LA Bakeshop (Bay) ...
   --> Saved Rooster Coffee House to Snowflake.
[32/77] Scoring 'Le Beau' Croissanterie ...
   --> Saved Mast Coffee to Snowflake.
[33/77] Scoring Michels Bakery Cafe ...
   --> Saved Cafe Forêt to Snowflake.
[34/77] Scoring Bisou Toronto ...
   --> Saved HotBlack Coffee to Snowflake.
[35/77] Scoring Forno Cultura ...
   --> Saved LA LA Bakeshop (Bay) to Snowflake.
[36/77] Scoring Butter Baker Market Café ...
   --> Saved 'Le Beau' Croissanterie to Snowflake.
[37/77] Scoring Aux Merveilleux de Fred ...
   --> Saved Michels Bakery Cafe to Snowflake.
[38/77] Scoring Le Gourmand ...
   --> Saved Forno Cultura to Snowflake.
[39/77] Scoring Hitotoki Bakery ...
   --> Saved Bisou Toronto to Snowflake.
[40/77] Scoring Alice Marie Bakery & Coffee ...
   --> Saved Butter Baker Market Café to Snowflake.
[41/77] Scoring Bake Code Croissanterie ...
   --> Saved Aux Merveilleux de Fred to Snowflake.
[42/77] Scoring ‘Le Beau’ Boulangerie ...
   --> Saved Le Gourmand to Snowflake.
[43/77] Scoring The Flower Cake Café ...
   --> Saved Hitotoki Bakery to Snowflake.
[44/77] Scoring Le Génie Bakery & Espresso ...
   --> Saved ‘Le Beau’ Boulangerie to Snowflake.
[45/77] Scoring Bready Cafe ...
   --> Saved Alice Marie Bakery & Coffee to Snowflake.
[46/77] Scoring Nonni Cafe & Bakery ...
   --> Saved Bake Code Croissanterie to Snowflake.
[47/77] Scoring LITTLE PEBBLES CAFE ...
   --> Saved Le Génie Bakery & Espresso to Snowflake.
   --> Saved The Flower Cake Café to Snowflake.
[48/77] Scoring Kream ...
[49/77] Scoring Dessert studio to ...
   --> Saved Bready Cafe to Snowflake.
[50/77] Scoring Dessert Fox ...
   --> Saved Nonni Cafe & Bakery to Snowflake.
   --> Saved LITTLE PEBBLES CAFE to Snowflake.
[51/77] Scoring Pinochio Cafe, Dessert and Ice Cream ...
[52/77] Scoring D Spot Dessert Cafe Toronto ...
   --> Saved Kream to Snowflake.
[53/77] Scoring Snowday Bingsu & Dessert Cafe ...
   --> Saved Dessert Fox to Snowflake.
[54/77] Scoring Mizzica Gelateria & Cafe ...
   --> Saved D Spot Dessert Cafe Toronto to Snowflake.
[55/77] Scoring Aura Dessert Cafe ...
   --> Saved Dessert studio to to Snowflake.
[56/77] Scoring Delysées Luxury Desserts Yorkville ...
   --> Saved Snowday Bingsu & Dessert Cafe to Snowflake.
[57/77] Scoring Bang Bang Ice Cream & Bakery ...
   --> Saved Pinochio Cafe, Dessert and Ice Cream to Snowflake.
[58/77] Scoring Melt n dip Sweets, Desserts and Gelato ...
   --> Saved Mizzica Gelateria & Cafe to Snowflake.
[59/77] Scoring Tsujiri Dundas ...
   --> Saved Delysées Luxury Desserts Yorkville to Snowflake.
[60/77] Scoring Bampot House ...
   --> Saved Tsujiri Dundas to Snowflake.
[61/77] Scoring The Tea Room ...
   --> Saved Aura Dessert Cafe to Snowflake.
[62/77] Scoring ICHA TEA ...
   --> Saved Melt n dip Sweets, Desserts and Gelato to Snowflake.
[63/77] Scoring Crimson Teas ...
   --> Saved Bang Bang Ice Cream & Bakery to Snowflake.
[64/77] Scoring House Of Tea ...
   --> Saved Bampot House to Snowflake.
[65/77] Scoring Kitten and the Bear ...
   --> Saved The Tea Room to Snowflake.
[66/77] Scoring Tao Tea Leaf - Union Station ...
   --> Saved Crimson Teas to Snowflake.
[67/77] Scoring ChaTraMue ...
   --> Saved ICHA TEA to Snowflake.
[68/77] Scoring Tao Tea Leaf - Downtown Toronto ...
   --> Saved House Of Tea to Snowflake.
[69/77] Scoring TeaHouse Condominium ...
   --> Saved Kitten and the Bear to Snowflake.
[70/77] Scoring t-buds, Food & Tea Lounge in Toronto ...
   --> Saved Tao Tea Leaf - Union Station to Snowflake.
[71/77] Scoring Afternoon Tea at Old Mill Toronto ...
   --> Saved TeaHouse Condominium to Snowflake.
[72/77] Scoring The Old Curiosity Tea Shop ...
   --> Saved Tao Tea Leaf - Downtown Toronto to Snowflake.
[73/77] Scoring M Chá Bar (Dundas & Bay) x ORYZA Sushi ...
   --> Saved ChaTraMue to Snowflake.
[74/77] Scoring Molly Tea (Downtown) ...
   --> Saved Afternoon Tea at Old Mill Toronto to Snowflake.
[75/77] Scoring Victoria Cafe ...
   --> Saved t-buds, Food & Tea Lounge in Toronto to Snowflake.
[76/77] Scoring Clockwork Champagne & Cocktails ...
   --> Saved The Old Curiosity Tea Shop to Snowflake.
[77/77] Scoring d|bar ...
   --> Saved M Chá Bar (Dundas & Bay) x ORYZA Sushi to Snowflake.
   --> Saved Molly Tea (Downtown) to Snowflake.
   --> Saved Victoria Cafe to Snowflake.
   --> Saved Clockwork Champagne & Cocktails to Snowflake.
   --> Saved d|bar to Snowflake.
All venues processed.
